cloud_user@k8s-control:~$ kubectl get pods
No resources found in default namespace.
cloud_user@k8s-control:~$ vim nginx-pod.yml
cloud_user@k8s-control:~$ kubectl create -f nginx-pod.yml
pod/nginx-pod created
cloud_user@k8s-control:~$ kubectl get pods
NAME        READY   STATUS              RESTARTS   AGE
nginx-pod   0/1     ContainerCreating   0          5s
cloud_user@k8s-control:~$ kubectl get pods
NAME        READY   STATUS              RESTARTS   AGE
nginx-pod   0/1     ContainerCreating   0          15s
cloud_user@k8s-control:~$ kubectl get pods
NAME        READY   STATUS              RESTARTS   AGE
nginx-pod   0/1     ContainerCreating   0          17s
cloud_user@k8s-control:~$ vim redis-pod.yml
cloud_user@k8s-control:~$ cat redis-pod.yml
apiVersion: v1
kind: Pod
metadata:
        name: redis-pod
spec:
        containers:
                - name: redis
                  image: redis
cloud_user@k8s-control:~$ cat nginx-pod.yml
apiVersion: v1
kind: Pod
metadata:
        name: nginx-pod
spec:
        containers:
                - name: nginx
                  image: nginx
                  ports:
                          - containerPort: 80
cloud_user@k8s-control:~$ kubectl get pods
NAME        READY   STATUS    RESTARTS   AGE
nginx-pod   1/1     Running   0          2m2s
cloud_user@k8s-control:~$ kubectl create -f redis-pod.yml
pod/redis-pod created
cloud_user@k8s-control:~$ kubectl get pods
NAME        READY   STATUS              RESTARTS   AGE
nginx-pod   1/1     Running             0          2m21s
redis-pod   0/1     ContainerCreating   0          3s
cloud_user@k8s-control:~$ kubectl get pod nginx-pod -o wide
NAME        READY   STATUS    RESTARTS   AGE     IP              NODE          NOMINATED NODE   READINESS GATES
nginx-pod   1/1     Running   0          2m52s   192.168.126.1   k8s-worker2   <none>           <none>
cloud_user@k8s-control:~$ curl ^C
cloud_user@k8s-control:~$ curl 192.168.126.1
<!DOCTYPE html>
<html>
<head>
<title>Welcome to nginx!</title>
<style>
html { color-scheme: light dark; }
body { width: 35em; margin: 0 auto;
font-family: Tahoma, Verdana, Arial, sans-serif; }
</style>
</head>
<body>
<h1>Welcome to nginx!</h1>
<p>If you see this page, the nginx web server is successfully installed and
working. Further configuration is required.</p>

<p>For online documentation and support please refer to
<a href="http://nginx.org/">nginx.org</a>.<br/>
Commercial support is available at
<a href="http://nginx.com/">nginx.com</a>.</p>

<p><em>Thank you for using nginx.</em></p>
</body>
</html>
cloud_user@k8s-control:~$ kubectl get pods
NAME        READY   STATUS    RESTARTS   AGE
nginx-pod   1/1     Running   0          3m23s
redis-pod   1/1     Running   0          65s
cloud_user@k8s-control:~$ kubectl logs nginx-pod
/docker-entrypoint.sh: /docker-entrypoint.d/ is not empty, will attempt to perform configuration
/docker-entrypoint.sh: Looking for shell scripts in /docker-entrypoint.d/
/docker-entrypoint.sh: Launching /docker-entrypoint.d/10-listen-on-ipv6-by-default.sh
10-listen-on-ipv6-by-default.sh: info: Getting the checksum of /etc/nginx/conf.d/default.conf
10-listen-on-ipv6-by-default.sh: info: Enabled listen on IPv6 in /etc/nginx/conf.d/default.conf
/docker-entrypoint.sh: Launching /docker-entrypoint.d/20-envsubst-on-templates.sh
/docker-entrypoint.sh: Launching /docker-entrypoint.d/30-tune-worker-processes.sh
/docker-entrypoint.sh: Configuration complete; ready for start up
2022/10/05 18:09:27 [notice] 1#1: using the "epoll" event method
2022/10/05 18:09:27 [notice] 1#1: nginx/1.23.1
2022/10/05 18:09:27 [notice] 1#1: built by gcc 10.2.1 20210110 (Debian 10.2.1-6)
2022/10/05 18:09:27 [notice] 1#1: OS: Linux 5.13.0-1025-aws
2022/10/05 18:09:27 [notice] 1#1: getrlimit(RLIMIT_NOFILE): 1048576:1048576
2022/10/05 18:09:27 [notice] 1#1: start worker processes
2022/10/05 18:09:27 [notice] 1#1: start worker process 31
2022/10/05 18:09:27 [notice] 1#1: start worker process 32
192.168.175.0 - - [05/Oct/2022:18:12:22 +0000] "GET / HTTP/1.1" 200 615 "-" "curl/7.68.0" "-"
cloud_user@k8s-control:~$